<?xml version="1.0" encoding="UTF-8"?>
<!-- Generated by org.testng.reporters.JUnitReportReporter -->
<testsuite hostname="DESKTOP-HBPJ61D" failures="0" tests="3" name="testcases.PapercutTestCases" time="31.157" errors="0" timestamp="10 Feb. 2019 12:56:16 GMT" skipped="0">
  <testcase classname="testcases.PapercutTestCases" name="verifyLogin" time="4.379"/>
  <testcase classname="testcases.PapercutTestCases" name="verifyMenuLinks" time="26.775"/>
  <testcase classname="testcases.PapercutTestCases" name="verifyVersionAndBuild" time="0.003"/>
</testsuite> <!-- testcases.PapercutTestCases -->
